0 info it worked if it ends with ok
1 verbose cli [ '/usr/local/bin/node',
1 verbose cli   '/usr/local/lib/node_modules/smart-npm/node_modules/.bin/npm',
1 verbose cli   'run',
1 verbose cli   'test',
1 verbose cli   '--registry=https://registry.npm.taobao.org/' ]
2 info using npm@4.0.5
3 info using node@v6.9.2
4 verbose run-script [ 'pretest', 'test', 'posttest' ]
5 info lifecycle css-test@1.0.0~pretest: css-test@1.0.0
6 silly lifecycle css-test@1.0.0~pretest: no script for pretest, continuing
7 info lifecycle css-test@1.0.0~test: css-test@1.0.0
8 verbose lifecycle css-test@1.0.0~test: unsafe-perm in lifecycle true
9 verbose lifecycle css-test@1.0.0~test: PATH: /usr/local/lib/node_modules/smart-npm/node_modules/npm/bin/node-gyp-bin:/Users/mac/IdeaProjects/css-test/node_modules/.bin:/YOUR_PATH_TO/android-sdk/tools:/YOUR_PATH_TO/android-sdk/platform-tools:/usr/local/bin:/usr/bin:/bin:/usr/sbin:/sbin:/Library/Java/JavaVirtualMachines/jdk1.8.0_112.jdk/Contents/Home/bin
10 verbose lifecycle css-test@1.0.0~test: CWD: /Users/mac/IdeaProjects/css-test
11 silly lifecycle css-test@1.0.0~test: Args: [ '-c', 'start' ]
12 info lifecycle css-test@1.0.0~test: Failed to exec test script
13 verbose stack Error: css-test@1.0.0 test: `start`
13 verbose stack spawn ENOENT
13 verbose stack     at ChildProcess.<anonymous> (/usr/local/lib/node_modules/smart-npm/node_modules/npm/lib/utils/spawn.js:33:16)
13 verbose stack     at emitTwo (events.js:106:13)
13 verbose stack     at ChildProcess.emit (events.js:191:7)
13 verbose stack     at maybeClose (internal/child_process.js:877:16)
13 verbose stack     at Process.ChildProcess._handle.onexit (internal/child_process.js:226:5)
14 verbose pkgid css-test@1.0.0
15 verbose cwd /Users/mac/IdeaProjects/css-test
16 error Darwin 16.3.0
17 error argv "/usr/local/bin/node" "/usr/local/lib/node_modules/smart-npm/node_modules/.bin/npm" "run" "test" "--registry=https://registry.npm.taobao.org/"
18 error node v6.9.2
19 error npm  v4.0.5
20 error file sh
21 error code ELIFECYCLE
22 error errno ENOENT
23 error syscall spawn
24 error css-test@1.0.0 test: `start`
24 error spawn ENOENT
25 error Failed at the css-test@1.0.0 test script 'start'.
25 error Make sure you have the latest version of node.js and npm installed.
25 error If you do, this is most likely a problem with the css-test package,
25 error not with npm itself.
25 error Tell the author that this fails on your system:
25 error     start
25 error You can get information on how to open an issue for this project with:
25 error     npm bugs css-test
25 error Or if that isn't available, you can get their info via:
25 error     npm owner ls css-test
25 error There is likely additional logging output above.
26 verbose exit [ 1, true ]
